{"C:\\Users\\ESTIF\\Downloads\\Compressed\\ExpressJs-Testing-jest-master2\\ExpressJs-Testing-jest-master\\src\\app.ts": {"path":"C:\\Users\\ESTIF\\Downloads\\Compressed\\ExpressJs-Testing-jest-master2\\ExpressJs-Testing-jest-master\\src\\app.ts","statementMap":{"0":{"start":{"line":1,"column":0},"end":{"line":1,"column":30}},"1":{"start":{"line":4,"column":0},"end":{"line":4,"column":44}},"2":{"start":{"line":5,"column":0},"end":{"line":5,"column":44}},"3":{"start":{"line":6,"column":0},"end":{"line":6,"column":52}},"4":{"start":{"line":7,"column":0},"end":{"line":7,"column":33}},"5":{"start":{"line":8,"column":0},"end":{"line":8,"column":37}},"6":{"start":{"line":9,"column":0},"end":{"line":9,"column":16}},"7":{"start":{"line":11,"column":12},"end":{"line":11,"column":21}},"8":{"start":{"line":13,"column":0},"end":{"line":13,"column":24}},"9":{"start":{"line":14,"column":0},"end":{"line":14,"column":49}},"10":{"start":{"line":16,"column":0},"end":{"line":16,"column":28}},"11":{"start":{"line":18,"column":0},"end":{"line":18,"column":28}},"12":{"start":{"line":21,"column":0},"end":{"line":27,"column":3}},"13":{"start":{"line":22,"column":4},"end":{"line":26,"column":null}},"14":{"start":{"line":23,"column":8},"end":{"line":23,"column":51}},"15":{"start":{"line":25,"column":8},"end":{"line":25,"column":20}},"16":{"start":{"line":29,"column":0},"end":{"line":40,"column":3}},"17":{"start":{"line":30,"column":4},"end":{"line":39,"column":null}},"18":{"start":{"line":31,"column":23},"end":{"line":31,"column":42}},"19":{"start":{"line":32,"column":24},"end":{"line":32,"column":109}},"20":{"start":{"line":33,"column":8},"end":{"line":36,"column":11}},"21":{"start":{"line":38,"column":8},"end":{"line":38,"column":20}},"22":{"start":{"line":42,"column":0},"end":{"line":42,"column":21}},"23":{"start":{"line":44,"column":0},"end":{"line":44,"column":19}}},"fnMap":{"0":{"name":"(anonymous_7)","decl":{"start":{"line":21,"column":8},"end":{"line":21,"column":9}},"loc":{"start":{"line":21,"column":58},"end":{"line":27,"column":1}}},"1":{"name":"(anonymous_8)","decl":{"start":{"line":29,"column":8},"end":{"line":29,"column":9}},"loc":{"start":{"line":29,"column":58},"end":{"line":40,"column":1}}}},"branchMap":{"0":{"loc":{"start":{"line":31,"column":23},"end":{"line":31,"column":42}},"type":"binary-expr","locations":[{"start":{"line":31,"column":23},"end":{"line":31,"column":35}},{"start":{"line":31,"column":39},"end":{"line":31,"column":42}}]},"1":{"loc":{"start":{"line":32,"column":24},"end":{"line":32,"column":109}},"type":"binary-expr","locations":[{"start":{"line":32,"column":24},"end":{"line":32,"column":37}},{"start":{"line":32,"column":41},"end":{"line":32,"column":109}}]}},"s":{"0":3,"1":3,"2":3,"3":3,"4":3,"5":3,"6":3,"7":3,"8":3,"9":3,"10":3,"11":3,"12":3,"13":0,"14":0,"15":0,"16":3,"17":0,"18":0,"19":0,"20":0,"21":0,"22":3,"23":3},"f":{"0":0,"1":0},"b":{"0":[0,0],"1":[0,0]}}
,"C:\\Users\\ESTIF\\Downloads\\Compressed\\ExpressJs-Testing-jest-master2\\ExpressJs-Testing-jest-master\\src\\config.ts": {"path":"C:\\Users\\ESTIF\\Downloads\\Compressed\\ExpressJs-Testing-jest-master2\\ExpressJs-Testing-jest-master\\src\\config.ts","statementMap":{"0":{"start":{"line":1,"column":13},"end":{"line":1,"column":64}}},"fnMap":{},"branchMap":{},"s":{"0":4},"f":{},"b":{}}
,"C:\\Users\\ESTIF\\Downloads\\Compressed\\ExpressJs-Testing-jest-master2\\ExpressJs-Testing-jest-master\\src\\controllers\\post.controller.ts": {"path":"C:\\Users\\ESTIF\\Downloads\\Compressed\\ExpressJs-Testing-jest-master2\\ExpressJs-Testing-jest-master\\src\\controllers\\post.controller.ts","statementMap":{"0":{"start":{"line":3,"column":0},"end":{"line":3,"column":44}},"1":{"start":{"line":4,"column":0},"end":{"line":4,"column":103}},"2":{"start":{"line":13,"column":26},"end":{"line":37,"column":2}},"3":{"start":{"line":13,"column":84},"end":{"line":37,"column":2}},"4":{"start":{"line":15,"column":4},"end":{"line":36,"column":null}},"5":{"start":{"line":16,"column":41},"end":{"line":16,"column":85}},"6":{"start":{"line":18,"column":21},"end":{"line":23,"column":10}},"7":{"start":{"line":25,"column":26},"end":{"line":25,"column":43}},"8":{"start":{"line":26,"column":8},"end":{"line":26,"column":47}},"9":{"start":{"line":28,"column":8},"end":{"line":34,"column":null}},"10":{"start":{"line":29,"column":12},"end":{"line":33,"column":14}},"11":{"start":{"line":35,"column":8},"end":{"line":35,"column":20}},"12":{"start":{"line":13,"column":13},"end":{"line":13,"column":26}},"13":{"start":{"line":45,"column":27},"end":{"line":55,"column":2}},"14":{"start":{"line":45,"column":85},"end":{"line":55,"column":2}},"15":{"start":{"line":46,"column":4},"end":{"line":54,"column":null}},"16":{"start":{"line":47,"column":22},"end":{"line":47,"column":125}},"17":{"start":{"line":49,"column":8},"end":{"line":49,"column":78}},"18":{"start":{"line":49,"column":20},"end":{"line":49,"column":78}},"19":{"start":{"line":51,"column":8},"end":{"line":51,"column":36}},"20":{"start":{"line":53,"column":8},"end":{"line":53,"column":20}},"21":{"start":{"line":45,"column":13},"end":{"line":45,"column":27}},"22":{"start":{"line":63,"column":23},"end":{"line":86,"column":2}},"23":{"start":{"line":63,"column":81},"end":{"line":86,"column":2}},"24":{"start":{"line":64,"column":33},"end":{"line":64,"column":88}},"25":{"start":{"line":66,"column":4},"end":{"line":70,"column":null}},"26":{"start":{"line":67,"column":8},"end":{"line":69,"column":11}},"27":{"start":{"line":72,"column":4},"end":{"line":85,"column":null}},"28":{"start":{"line":73,"column":21},"end":{"line":73,"column":153}},"29":{"start":{"line":75,"column":8},"end":{"line":78,"column":15}},"30":{"start":{"line":76,"column":12},"end":{"line":78,"column":15}},"31":{"start":{"line":80,"column":8},"end":{"line":80,"column":42}},"32":{"start":{"line":82,"column":8},"end":{"line":82,"column":109}},"33":{"start":{"line":82,"column":34},"end":{"line":82,"column":109}},"34":{"start":{"line":84,"column":8},"end":{"line":84,"column":20}},"35":{"start":{"line":63,"column":13},"end":{"line":63,"column":23}},"36":{"start":{"line":94,"column":26},"end":{"line":119,"column":2}},"37":{"start":{"line":94,"column":84},"end":{"line":119,"column":2}},"38":{"start":{"line":95,"column":4},"end":{"line":118,"column":null}},"39":{"start":{"line":96,"column":29},"end":{"line":96,"column":84}},"40":{"start":{"line":98,"column":8},"end":{"line":101,"column":15}},"41":{"start":{"line":99,"column":12},"end":{"line":101,"column":15}},"42":{"start":{"line":103,"column":28},"end":{"line":103,"column":70}},"43":{"start":{"line":105,"column":8},"end":{"line":108,"column":15}},"44":{"start":{"line":106,"column":12},"end":{"line":108,"column":15}},"45":{"start":{"line":110,"column":8},"end":{"line":110,"column":42}},"46":{"start":{"line":112,"column":8},"end":{"line":116,"column":null}},"47":{"start":{"line":113,"column":12},"end":{"line":115,"column":15}},"48":{"start":{"line":117,"column":8},"end":{"line":117,"column":20}},"49":{"start":{"line":94,"column":13},"end":{"line":94,"column":26}},"50":{"start":{"line":127,"column":26},"end":{"line":161,"column":2}},"51":{"start":{"line":127,"column":84},"end":{"line":161,"column":2}},"52":{"start":{"line":128,"column":4},"end":{"line":160,"column":null}},"53":{"start":{"line":129,"column":44},"end":{"line":129,"column":94}},"54":{"start":{"line":131,"column":8},"end":{"line":131,"column":98}},"55":{"start":{"line":131,"column":29},"end":{"line":131,"column":98}},"56":{"start":{"line":133,"column":28},"end":{"line":142,"column":null}},"57":{"start":{"line":145,"column":8},"end":{"line":148,"column":15}},"58":{"start":{"line":146,"column":12},"end":{"line":148,"column":15}},"59":{"start":{"line":150,"column":8},"end":{"line":150,"column":42}},"60":{"start":{"line":152,"column":8},"end":{"line":158,"column":null}},"61":{"start":{"line":153,"column":12},"end":{"line":157,"column":14}},"62":{"start":{"line":159,"column":8},"end":{"line":159,"column":20}},"63":{"start":{"line":127,"column":13},"end":{"line":127,"column":26}}},"fnMap":{"0":{"name":"(anonymous_7)","decl":{"start":{"line":13,"column":26},"end":{"line":13,"column":33}},"loc":{"start":{"line":13,"column":84},"end":{"line":37,"column":2}}},"1":{"name":"(anonymous_8)","decl":{"start":{"line":13,"column":84},"end":{"line":13,"column":null}},"loc":{"start":{"line":13,"column":84},"end":{"line":37,"column":1}}},"2":{"name":"(anonymous_9)","decl":{"start":{"line":45,"column":27},"end":{"line":45,"column":34}},"loc":{"start":{"line":45,"column":85},"end":{"line":55,"column":2}}},"3":{"name":"(anonymous_10)","decl":{"start":{"line":45,"column":85},"end":{"line":45,"column":null}},"loc":{"start":{"line":45,"column":85},"end":{"line":55,"column":1}}},"4":{"name":"(anonymous_11)","decl":{"start":{"line":63,"column":23},"end":{"line":63,"column":30}},"loc":{"start":{"line":63,"column":81},"end":{"line":86,"column":2}}},"5":{"name":"(anonymous_12)","decl":{"start":{"line":63,"column":81},"end":{"line":63,"column":null}},"loc":{"start":{"line":63,"column":81},"end":{"line":86,"column":1}}},"6":{"name":"(anonymous_13)","decl":{"start":{"line":94,"column":26},"end":{"line":94,"column":33}},"loc":{"start":{"line":94,"column":84},"end":{"line":119,"column":2}}},"7":{"name":"(anonymous_14)","decl":{"start":{"line":94,"column":84},"end":{"line":94,"column":null}},"loc":{"start":{"line":94,"column":84},"end":{"line":119,"column":1}}},"8":{"name":"(anonymous_15)","decl":{"start":{"line":127,"column":26},"end":{"line":127,"column":33}},"loc":{"start":{"line":127,"column":84},"end":{"line":161,"column":2}}},"9":{"name":"(anonymous_16)","decl":{"start":{"line":127,"column":84},"end":{"line":127,"column":null}},"loc":{"start":{"line":127,"column":84},"end":{"line":161,"column":1}}}},"branchMap":{"0":{"loc":{"start":{"line":28,"column":8},"end":{"line":34,"column":null}},"type":"if","locations":[{"start":{"line":28,"column":8},"end":{"line":34,"column":null}}]},"1":{"loc":{"start":{"line":49,"column":8},"end":{"line":49,"column":78}},"type":"if","locations":[{"start":{"line":49,"column":8},"end":{"line":49,"column":78}}]},"2":{"loc":{"start":{"line":66,"column":4},"end":{"line":70,"column":null}},"type":"if","locations":[{"start":{"line":66,"column":4},"end":{"line":70,"column":null}}]},"3":{"loc":{"start":{"line":75,"column":8},"end":{"line":78,"column":15}},"type":"if","locations":[{"start":{"line":75,"column":8},"end":{"line":78,"column":15}}]},"4":{"loc":{"start":{"line":82,"column":8},"end":{"line":82,"column":109}},"type":"if","locations":[{"start":{"line":82,"column":8},"end":{"line":82,"column":109}}]},"5":{"loc":{"start":{"line":98,"column":8},"end":{"line":101,"column":15}},"type":"if","locations":[{"start":{"line":98,"column":8},"end":{"line":101,"column":15}}]},"6":{"loc":{"start":{"line":105,"column":8},"end":{"line":108,"column":15}},"type":"if","locations":[{"start":{"line":105,"column":8},"end":{"line":108,"column":15}}]},"7":{"loc":{"start":{"line":112,"column":8},"end":{"line":116,"column":null}},"type":"if","locations":[{"start":{"line":112,"column":8},"end":{"line":116,"column":null}}]},"8":{"loc":{"start":{"line":131,"column":8},"end":{"line":131,"column":98}},"type":"if","locations":[{"start":{"line":131,"column":8},"end":{"line":131,"column":98}}]},"9":{"loc":{"start":{"line":145,"column":8},"end":{"line":148,"column":15}},"type":"if","locations":[{"start":{"line":145,"column":8},"end":{"line":148,"column":15}}]},"10":{"loc":{"start":{"line":152,"column":8},"end":{"line":158,"column":null}},"type":"if","locations":[{"start":{"line":152,"column":8},"end":{"line":158,"column":null}}]}},"s":{"0":3,"1":3,"2":3,"3":2,"4":2,"5":2,"6":1,"7":1,"8":1,"9":1,"10":1,"11":0,"12":3,"13":3,"14":1,"15":1,"16":1,"17":1,"18":0,"19":1,"20":0,"21":3,"22":3,"23":1,"24":1,"25":1,"26":0,"27":1,"28":1,"29":1,"30":1,"31":0,"32":0,"33":0,"34":0,"35":3,"36":3,"37":0,"38":0,"39":0,"40":0,"41":0,"42":0,"43":0,"44":0,"45":0,"46":0,"47":0,"48":0,"49":3,"50":3,"51":0,"52":0,"53":0,"54":0,"55":0,"56":0,"57":0,"58":0,"59":0,"60":0,"61":0,"62":0,"63":3},"f":{"0":2,"1":2,"2":1,"3":1,"4":1,"5":1,"6":0,"7":0,"8":0,"9":0},"b":{"0":[1],"1":[0],"2":[0],"3":[1],"4":[0],"5":[0],"6":[0],"7":[0],"8":[0],"9":[0],"10":[0]}}
,"C:\\Users\\ESTIF\\Downloads\\Compressed\\ExpressJs-Testing-jest-master2\\ExpressJs-Testing-jest-master\\src\\controllers\\user.controller.ts": {"path":"C:\\Users\\ESTIF\\Downloads\\Compressed\\ExpressJs-Testing-jest-master2\\ExpressJs-Testing-jest-master\\src\\controllers\\user.controller.ts","statementMap":{"0":{"start":{"line":3,"column":0},"end":{"line":3,"column":44}},"1":{"start":{"line":5,"column":0},"end":{"line":5,"column":81}},"2":{"start":{"line":14,"column":26},"end":{"line":50,"column":2}},"3":{"start":{"line":14,"column":84},"end":{"line":50,"column":2}},"4":{"start":{"line":15,"column":4},"end":{"line":49,"column":null}},"5":{"start":{"line":16,"column":34},"end":{"line":16,"column":78}},"6":{"start":{"line":18,"column":8},"end":{"line":18,"column":101}},"7":{"start":{"line":18,"column":32},"end":{"line":18,"column":101}},"8":{"start":{"line":20,"column":39},"end":{"line":22,"column":10}},"9":{"start":{"line":24,"column":36},"end":{"line":26,"column":10}},"10":{"start":{"line":28,"column":8},"end":{"line":31,"column":15}},"11":{"start":{"line":29,"column":12},"end":{"line":31,"column":15}},"12":{"start":{"line":33,"column":21},"end":{"line":37,"column":10}},"13":{"start":{"line":39,"column":26},"end":{"line":39,"column":43}},"14":{"start":{"line":41,"column":8},"end":{"line":41,"column":47}},"15":{"start":{"line":43,"column":8},"end":{"line":47,"column":null}},"16":{"start":{"line":44,"column":12},"end":{"line":46,"column":15}},"17":{"start":{"line":48,"column":8},"end":{"line":48,"column":20}},"18":{"start":{"line":14,"column":13},"end":{"line":14,"column":26}},"19":{"start":{"line":59,"column":24},"end":{"line":71,"column":2}},"20":{"start":{"line":59,"column":82},"end":{"line":71,"column":2}},"21":{"start":{"line":60,"column":4},"end":{"line":70,"column":null}},"22":{"start":{"line":61,"column":22},"end":{"line":61,"column":39}},"23":{"start":{"line":62,"column":8},"end":{"line":65,"column":15}},"24":{"start":{"line":63,"column":12},"end":{"line":65,"column":15}},"25":{"start":{"line":66,"column":8},"end":{"line":66,"column":43}},"26":{"start":{"line":68,"column":8},"end":{"line":68,"column":27}},"27":{"start":{"line":69,"column":8},"end":{"line":69,"column":20}},"28":{"start":{"line":59,"column":13},"end":{"line":59,"column":24}},"29":{"start":{"line":80,"column":23},"end":{"line":103,"column":2}},"30":{"start":{"line":80,"column":81},"end":{"line":103,"column":2}},"31":{"start":{"line":81,"column":4},"end":{"line":102,"column":null}},"32":{"start":{"line":82,"column":29},"end":{"line":82,"column":84}},"33":{"start":{"line":83,"column":8},"end":{"line":86,"column":15}},"34":{"start":{"line":84,"column":12},"end":{"line":86,"column":15}},"35":{"start":{"line":88,"column":21},"end":{"line":88,"column":54}},"36":{"start":{"line":89,"column":8},"end":{"line":92,"column":15}},"37":{"start":{"line":90,"column":12},"end":{"line":92,"column":15}},"38":{"start":{"line":94,"column":8},"end":{"line":94,"column":35}},"39":{"start":{"line":96,"column":8},"end":{"line":100,"column":null}},"40":{"start":{"line":97,"column":12},"end":{"line":99,"column":15}},"41":{"start":{"line":101,"column":8},"end":{"line":101,"column":20}},"42":{"start":{"line":80,"column":13},"end":{"line":80,"column":23}},"43":{"start":{"line":112,"column":26},"end":{"line":136,"column":2}},"44":{"start":{"line":112,"column":84},"end":{"line":136,"column":2}},"45":{"start":{"line":113,"column":4},"end":{"line":135,"column":null}},"46":{"start":{"line":114,"column":29},"end":{"line":114,"column":84}},"47":{"start":{"line":115,"column":8},"end":{"line":118,"column":15}},"48":{"start":{"line":116,"column":12},"end":{"line":118,"column":15}},"49":{"start":{"line":120,"column":28},"end":{"line":120,"column":70}},"50":{"start":{"line":122,"column":8},"end":{"line":125,"column":15}},"51":{"start":{"line":123,"column":12},"end":{"line":125,"column":15}},"52":{"start":{"line":127,"column":8},"end":{"line":127,"column":42}},"53":{"start":{"line":129,"column":8},"end":{"line":133,"column":null}},"54":{"start":{"line":130,"column":12},"end":{"line":132,"column":15}},"55":{"start":{"line":134,"column":8},"end":{"line":134,"column":20}},"56":{"start":{"line":112,"column":13},"end":{"line":112,"column":26}}},"fnMap":{"0":{"name":"(anonymous_7)","decl":{"start":{"line":14,"column":26},"end":{"line":14,"column":33}},"loc":{"start":{"line":14,"column":84},"end":{"line":50,"column":2}}},"1":{"name":"(anonymous_8)","decl":{"start":{"line":14,"column":84},"end":{"line":14,"column":null}},"loc":{"start":{"line":14,"column":84},"end":{"line":50,"column":1}}},"2":{"name":"(anonymous_9)","decl":{"start":{"line":59,"column":24},"end":{"line":59,"column":31}},"loc":{"start":{"line":59,"column":82},"end":{"line":71,"column":2}}},"3":{"name":"(anonymous_10)","decl":{"start":{"line":59,"column":82},"end":{"line":59,"column":null}},"loc":{"start":{"line":59,"column":82},"end":{"line":71,"column":1}}},"4":{"name":"(anonymous_11)","decl":{"start":{"line":80,"column":23},"end":{"line":80,"column":30}},"loc":{"start":{"line":80,"column":81},"end":{"line":103,"column":2}}},"5":{"name":"(anonymous_12)","decl":{"start":{"line":80,"column":81},"end":{"line":80,"column":null}},"loc":{"start":{"line":80,"column":81},"end":{"line":103,"column":1}}},"6":{"name":"(anonymous_13)","decl":{"start":{"line":112,"column":26},"end":{"line":112,"column":33}},"loc":{"start":{"line":112,"column":84},"end":{"line":136,"column":2}}},"7":{"name":"(anonymous_14)","decl":{"start":{"line":112,"column":84},"end":{"line":112,"column":null}},"loc":{"start":{"line":112,"column":84},"end":{"line":136,"column":1}}}},"branchMap":{"0":{"loc":{"start":{"line":18,"column":8},"end":{"line":18,"column":101}},"type":"if","locations":[{"start":{"line":18,"column":8},"end":{"line":18,"column":101}}]},"1":{"loc":{"start":{"line":28,"column":8},"end":{"line":31,"column":15}},"type":"if","locations":[{"start":{"line":28,"column":8},"end":{"line":31,"column":15}}]},"2":{"loc":{"start":{"line":28,"column":12},"end":{"line":28,"column":108}},"type":"binary-expr","locations":[{"start":{"line":28,"column":12},"end":{"line":28,"column":31}},{"start":{"line":28,"column":35},"end":{"line":28,"column":57}},{"start":{"line":28,"column":62},"end":{"line":28,"column":81}},{"start":{"line":28,"column":85},"end":{"line":28,"column":107}}]},"3":{"loc":{"start":{"line":43,"column":8},"end":{"line":47,"column":null}},"type":"if","locations":[{"start":{"line":43,"column":8},"end":{"line":47,"column":null}}]},"4":{"loc":{"start":{"line":62,"column":8},"end":{"line":65,"column":15}},"type":"if","locations":[{"start":{"line":62,"column":8},"end":{"line":65,"column":15}}]},"5":{"loc":{"start":{"line":83,"column":8},"end":{"line":86,"column":15}},"type":"if","locations":[{"start":{"line":83,"column":8},"end":{"line":86,"column":15}}]},"6":{"loc":{"start":{"line":89,"column":8},"end":{"line":92,"column":15}},"type":"if","locations":[{"start":{"line":89,"column":8},"end":{"line":92,"column":15}}]},"7":{"loc":{"start":{"line":96,"column":8},"end":{"line":100,"column":null}},"type":"if","locations":[{"start":{"line":96,"column":8},"end":{"line":100,"column":null}}]},"8":{"loc":{"start":{"line":115,"column":8},"end":{"line":118,"column":15}},"type":"if","locations":[{"start":{"line":115,"column":8},"end":{"line":118,"column":15}}]},"9":{"loc":{"start":{"line":122,"column":8},"end":{"line":125,"column":15}},"type":"if","locations":[{"start":{"line":122,"column":8},"end":{"line":125,"column":15}}]},"10":{"loc":{"start":{"line":129,"column":8},"end":{"line":133,"column":null}},"type":"if","locations":[{"start":{"line":129,"column":8},"end":{"line":133,"column":null}}]}},"s":{"0":3,"1":3,"2":3,"3":4,"4":4,"5":4,"6":3,"7":0,"8":3,"9":3,"10":3,"11":1,"12":2,"13":2,"14":2,"15":1,"16":1,"17":0,"18":3,"19":3,"20":1,"21":1,"22":1,"23":1,"24":0,"25":1,"26":0,"27":0,"28":3,"29":3,"30":1,"31":1,"32":1,"33":1,"34":0,"35":1,"36":1,"37":1,"38":0,"39":0,"40":0,"41":0,"42":3,"43":3,"44":0,"45":0,"46":0,"47":0,"48":0,"49":0,"50":0,"51":0,"52":0,"53":0,"54":0,"55":0,"56":3},"f":{"0":4,"1":4,"2":1,"3":1,"4":1,"5":1,"6":0,"7":0},"b":{"0":[0],"1":[1],"2":[3,2,2,0],"3":[1],"4":[0],"5":[0],"6":[1],"7":[0],"8":[0],"9":[0],"10":[0]}}
,"C:\\Users\\ESTIF\\Downloads\\Compressed\\ExpressJs-Testing-jest-master2\\ExpressJs-Testing-jest-master\\src\\models\\post.model.ts": {"path":"C:\\Users\\ESTIF\\Downloads\\Compressed\\ExpressJs-Testing-jest-master2\\ExpressJs-Testing-jest-master\\src\\models\\post.model.ts","statementMap":{"0":{"start":{"line":1,"column":0},"end":{"line":1,"column":44}},"1":{"start":{"line":5,"column":27},"end":{"line":25,"column":null}},"2":{"start":{"line":28,"column":13},"end":{"line":28,"column":62}}},"fnMap":{},"branchMap":{},"s":{"0":4,"1":4,"2":4},"f":{},"b":{}}
,"C:\\Users\\ESTIF\\Downloads\\Compressed\\ExpressJs-Testing-jest-master2\\ExpressJs-Testing-jest-master\\src\\models\\user.model.ts": {"path":"C:\\Users\\ESTIF\\Downloads\\Compressed\\ExpressJs-Testing-jest-master2\\ExpressJs-Testing-jest-master\\src\\models\\user.model.ts","statementMap":{"0":{"start":{"line":1,"column":0},"end":{"line":1,"column":44}},"1":{"start":{"line":5,"column":27},"end":{"line":26,"column":null}},"2":{"start":{"line":29,"column":13},"end":{"line":29,"column":62}}},"fnMap":{},"branchMap":{},"s":{"0":4,"1":4,"2":4},"f":{},"b":{}}
,"C:\\Users\\ESTIF\\Downloads\\Compressed\\ExpressJs-Testing-jest-master2\\ExpressJs-Testing-jest-master\\src\\routes\\post.route.ts": {"path":"C:\\Users\\ESTIF\\Downloads\\Compressed\\ExpressJs-Testing-jest-master2\\ExpressJs-Testing-jest-master\\src\\routes\\post.route.ts","statementMap":{"0":{"start":{"line":1,"column":0},"end":{"line":1,"column":52}},"1":{"start":{"line":2,"column":0},"end":{"line":2,"column":106}},"2":{"start":{"line":4,"column":23},"end":{"line":4,"column":31}},"3":{"start":{"line":6,"column":0},"end":{"line":6,"column":52}},"4":{"start":{"line":8,"column":0},"end":{"line":8,"column":75}},"5":{"start":{"line":10,"column":0},"end":{"line":10,"column":22}}},"fnMap":{},"branchMap":{},"s":{"0":3,"1":3,"2":3,"3":3,"4":3,"5":3},"f":{},"b":{}}
,"C:\\Users\\ESTIF\\Downloads\\Compressed\\ExpressJs-Testing-jest-master2\\ExpressJs-Testing-jest-master\\src\\routes\\user.route.ts": {"path":"C:\\Users\\ESTIF\\Downloads\\Compressed\\ExpressJs-Testing-jest-master2\\ExpressJs-Testing-jest-master\\src\\routes\\user.route.ts","statementMap":{"0":{"start":{"line":1,"column":0},"end":{"line":1,"column":30}},"1":{"start":{"line":2,"column":0},"end":{"line":2,"column":91}},"2":{"start":{"line":4,"column":15},"end":{"line":4,"column":31}},"3":{"start":{"line":6,"column":0},"end":{"line":6,"column":49}},"4":{"start":{"line":8,"column":0},"end":{"line":8,"column":57}},"5":{"start":{"line":10,"column":0},"end":{"line":10,"column":22}}},"fnMap":{},"branchMap":{},"s":{"0":3,"1":3,"2":3,"3":3,"4":3,"5":3},"f":{},"b":{}}
,"C:\\Users\\ESTIF\\Downloads\\Compressed\\ExpressJs-Testing-jest-master2\\ExpressJs-Testing-jest-master\\src\\utils\\connection.util.ts": {"path":"C:\\Users\\ESTIF\\Downloads\\Compressed\\ExpressJs-Testing-jest-master2\\ExpressJs-Testing-jest-master\\src\\utils\\connection.util.ts","statementMap":{"0":{"start":{"line":1,"column":0},"end":{"line":1,"column":32}},"1":{"start":{"line":7,"column":25},"end":{"line":19,"column":2}},"2":{"start":{"line":7,"column":62},"end":{"line":19,"column":2}},"3":{"start":{"line":8,"column":4},"end":{"line":18,"column":null}},"4":{"start":{"line":9,"column":8},"end":{"line":9,"column":36}},"5":{"start":{"line":12,"column":8},"end":{"line":12,"column":57}},"6":{"start":{"line":14,"column":8},"end":{"line":17,"column":11}},"7":{"start":{"line":14,"column":40},"end":{"line":17,"column":10}},"8":{"start":{"line":15,"column":12},"end":{"line":15,"column":46}},"9":{"start":{"line":16,"column":12},"end":{"line":16,"column":27}},"10":{"start":{"line":7,"column":13},"end":{"line":7,"column":25}}},"fnMap":{"0":{"name":"(anonymous_8)","decl":{"start":{"line":7,"column":25},"end":{"line":7,"column":32}},"loc":{"start":{"line":7,"column":62},"end":{"line":19,"column":2}}},"1":{"name":"(anonymous_9)","decl":{"start":{"line":7,"column":62},"end":{"line":7,"column":null}},"loc":{"start":{"line":7,"column":62},"end":{"line":19,"column":1}}},"2":{"name":"(anonymous_10)","decl":{"start":{"line":12,"column":47},"end":{"line":12,"column":50}},"loc":{"start":{"line":12,"column":52},"end":{"line":12,"column":55}}},"3":{"name":"(anonymous_11)","decl":{"start":{"line":14,"column":29},"end":{"line":14,"column":38}},"loc":{"start":{"line":14,"column":40},"end":{"line":17,"column":10}}},"4":{"name":"(anonymous_12)","decl":{"start":{"line":14,"column":40},"end":{"line":14,"column":null}},"loc":{"start":{"line":14,"column":40},"end":{"line":17,"column":9}}}},"branchMap":{},"s":{"0":3,"1":3,"2":3,"3":3,"4":3,"5":2,"6":2,"7":0,"8":0,"9":0,"10":3},"f":{"0":3,"1":3,"2":1,"3":0,"4":0},"b":{}}
,"C:\\Users\\ESTIF\\Downloads\\Compressed\\ExpressJs-Testing-jest-master2\\ExpressJs-Testing-jest-master\\src\\validation\\post.validation.ts": {"path":"C:\\Users\\ESTIF\\Downloads\\Compressed\\ExpressJs-Testing-jest-master2\\ExpressJs-Testing-jest-master\\src\\validation\\post.validation.ts","statementMap":{"0":{"start":{"line":1,"column":0},"end":{"line":1,"column":22}},"1":{"start":{"line":3,"column":13},"end":{"line":8,"column":3}},"2":{"start":{"line":10,"column":13},"end":{"line":10,"column":67}},"3":{"start":{"line":12,"column":13},"end":{"line":15,"column":3}},"4":{"start":{"line":17,"column":35},"end":{"line":25,"column":2}},"5":{"start":{"line":17,"column":85},"end":{"line":25,"column":2}},"6":{"start":{"line":18,"column":22},"end":{"line":20,"column":6}},"7":{"start":{"line":22,"column":4},"end":{"line":22,"column":60}},"8":{"start":{"line":22,"column":15},"end":{"line":22,"column":60}},"9":{"start":{"line":24,"column":4},"end":{"line":24,"column":34}},"10":{"start":{"line":17,"column":13},"end":{"line":17,"column":35}}},"fnMap":{"0":{"name":"(anonymous_8)","decl":{"start":{"line":17,"column":35},"end":{"line":17,"column":42}},"loc":{"start":{"line":17,"column":85},"end":{"line":25,"column":2}}},"1":{"name":"(anonymous_9)","decl":{"start":{"line":17,"column":85},"end":{"line":17,"column":null}},"loc":{"start":{"line":17,"column":85},"end":{"line":25,"column":1}}}},"branchMap":{"0":{"loc":{"start":{"line":22,"column":4},"end":{"line":22,"column":60}},"type":"if","locations":[{"start":{"line":22,"column":4},"end":{"line":22,"column":60}}]}},"s":{"0":4,"1":4,"2":4,"3":4,"4":4,"5":2,"6":2,"7":2,"8":2,"9":0,"10":4},"f":{"0":2,"1":2},"b":{"0":[2]}}
,"C:\\Users\\ESTIF\\Downloads\\Compressed\\ExpressJs-Testing-jest-master2\\ExpressJs-Testing-jest-master\\src\\validation\\user.validation.ts": {"path":"C:\\Users\\ESTIF\\Downloads\\Compressed\\ExpressJs-Testing-jest-master2\\ExpressJs-Testing-jest-master\\src\\validation\\user.validation.ts","statementMap":{"0":{"start":{"line":1,"column":0},"end":{"line":1,"column":22}},"1":{"start":{"line":3,"column":13},"end":{"line":7,"column":3}},"2":{"start":{"line":9,"column":13},"end":{"line":9,"column":67}},"3":{"start":{"line":11,"column":35},"end":{"line":19,"column":2}},"4":{"start":{"line":11,"column":85},"end":{"line":19,"column":2}},"5":{"start":{"line":12,"column":22},"end":{"line":14,"column":6}},"6":{"start":{"line":16,"column":4},"end":{"line":16,"column":60}},"7":{"start":{"line":16,"column":15},"end":{"line":16,"column":60}},"8":{"start":{"line":18,"column":4},"end":{"line":18,"column":34}},"9":{"start":{"line":11,"column":13},"end":{"line":11,"column":35}}},"fnMap":{"0":{"name":"(anonymous_8)","decl":{"start":{"line":11,"column":35},"end":{"line":11,"column":42}},"loc":{"start":{"line":11,"column":85},"end":{"line":19,"column":2}}},"1":{"name":"(anonymous_9)","decl":{"start":{"line":11,"column":85},"end":{"line":11,"column":null}},"loc":{"start":{"line":11,"column":85},"end":{"line":19,"column":1}}}},"branchMap":{"0":{"loc":{"start":{"line":16,"column":4},"end":{"line":16,"column":60}},"type":"if","locations":[{"start":{"line":16,"column":4},"end":{"line":16,"column":60}}]}},"s":{"0":4,"1":4,"2":4,"3":4,"4":2,"5":2,"6":2,"7":1,"8":1,"9":4},"f":{"0":2,"1":2},"b":{"0":[1]}}
}
