TN:
SF:src\app.ts
FN:21,(anonymous_7)
FN:29,(anonymous_8)
FNF:2
FNH:0
FNDA:0,(anonymous_7)
FNDA:0,(anonymous_8)
DA:1,3
DA:4,3
DA:5,3
DA:6,3
DA:7,3
DA:8,3
DA:9,3
DA:11,3
DA:13,3
DA:14,3
DA:16,3
DA:18,3
DA:21,3
DA:22,0
DA:23,0
DA:25,0
DA:29,3
DA:30,0
DA:31,0
DA:32,0
DA:33,0
DA:38,0
DA:42,3
DA:44,3
LF:24
LH:16
BRDA:31,0,0,0
BRDA:31,0,1,0
BRDA:32,1,0,0
BRDA:32,1,1,0
BRF:4
BRH:0
end_of_record
TN:
SF:src\config.ts
FNF:0
FNH:0
DA:1,4
LF:1
LH:1
BRF:0
BRH:0
end_of_record
TN:
SF:src\controllers\post.controller.ts
FN:13,(anonymous_7)
FN:13,(anonymous_8)
FN:45,(anonymous_9)
FN:45,(anonymous_10)
FN:63,(anonymous_11)
FN:63,(anonymous_12)
FN:94,(anonymous_13)
FN:94,(anonymous_14)
FN:127,(anonymous_15)
FN:127,(anonymous_16)
FNF:10
FNH:6
FNDA:2,(anonymous_7)
FNDA:2,(anonymous_8)
FNDA:1,(anonymous_9)
FNDA:1,(anonymous_10)
FNDA:1,(anonymous_11)
FNDA:1,(anonymous_12)
FNDA:0,(anonymous_13)
FNDA:0,(anonymous_14)
FNDA:0,(anonymous_15)
FNDA:0,(anonymous_16)
DA:3,3
DA:4,3
DA:13,3
DA:15,2
DA:16,2
DA:18,1
DA:25,1
DA:26,1
DA:28,1
DA:29,1
DA:35,0
DA:45,3
DA:46,1
DA:47,1
DA:49,1
DA:51,1
DA:53,0
DA:63,3
DA:64,1
DA:66,1
DA:67,0
DA:72,1
DA:73,1
DA:75,1
DA:76,1
DA:80,0
DA:82,0
DA:84,0
DA:94,3
DA:95,0
DA:96,0
DA:98,0
DA:99,0
DA:103,0
DA:105,0
DA:106,0
DA:110,0
DA:112,0
DA:113,0
DA:117,0
DA:127,3
DA:128,0
DA:129,0
DA:131,0
DA:133,0
DA:145,0
DA:146,0
DA:150,0
DA:152,0
DA:153,0
DA:159,0
LF:51
LH:24
BRDA:28,0,0,1
BRDA:49,1,0,0
BRDA:66,2,0,0
BRDA:75,3,0,1
BRDA:82,4,0,0
BRDA:98,5,0,0
BRDA:105,6,0,0
BRDA:112,7,0,0
BRDA:131,8,0,0
BRDA:145,9,0,0
BRDA:152,10,0,0
BRF:11
BRH:2
end_of_record
TN:
SF:src\controllers\user.controller.ts
FN:14,(anonymous_7)
FN:14,(anonymous_8)
FN:59,(anonymous_9)
FN:59,(anonymous_10)
FN:80,(anonymous_11)
FN:80,(anonymous_12)
FN:112,(anonymous_13)
FN:112,(anonymous_14)
FNF:8
FNH:6
FNDA:4,(anonymous_7)
FNDA:4,(anonymous_8)
FNDA:1,(anonymous_9)
FNDA:1,(anonymous_10)
FNDA:1,(anonymous_11)
FNDA:1,(anonymous_12)
FNDA:0,(anonymous_13)
FNDA:0,(anonymous_14)
DA:3,3
DA:5,3
DA:14,4
DA:15,4
DA:16,4
DA:18,3
DA:20,3
DA:24,3
DA:28,3
DA:29,1
DA:33,2
DA:39,2
DA:41,2
DA:43,1
DA:44,1
DA:48,0
DA:59,3
DA:60,1
DA:61,1
DA:62,1
DA:63,0
DA:66,1
DA:68,0
DA:69,0
DA:80,3
DA:81,1
DA:82,1
DA:83,1
DA:84,0
DA:88,1
DA:89,1
DA:90,1
DA:94,0
DA:96,0
DA:97,0
DA:101,0
DA:112,3
DA:113,0
DA:114,0
DA:115,0
DA:116,0
DA:120,0
DA:122,0
DA:123,0
DA:127,0
DA:129,0
DA:130,0
DA:134,0
LF:48
LH:28
BRDA:18,0,0,0
BRDA:28,1,0,1
BRDA:28,2,0,3
BRDA:28,2,1,2
BRDA:28,2,2,2
BRDA:28,2,3,0
BRDA:43,3,0,1
BRDA:62,4,0,0
BRDA:83,5,0,0
BRDA:89,6,0,1
BRDA:96,7,0,0
BRDA:115,8,0,0
BRDA:122,9,0,0
BRDA:129,10,0,0
BRF:14
BRH:6
end_of_record
TN:
SF:src\models\post.model.ts
FNF:0
FNH:0
DA:1,4
DA:5,4
DA:28,4
LF:3
LH:3
BRF:0
BRH:0
end_of_record
TN:
SF:src\models\user.model.ts
FNF:0
FNH:0
DA:1,4
DA:5,4
DA:29,4
LF:3
LH:3
BRF:0
BRH:0
end_of_record
TN:
SF:src\routes\post.route.ts
FNF:0
FNH:0
DA:1,3
DA:2,3
DA:4,3
DA:6,3
DA:8,3
DA:10,3
LF:6
LH:6
BRF:0
BRH:0
end_of_record
TN:
SF:src\routes\user.route.ts
FNF:0
FNH:0
DA:1,3
DA:2,3
DA:4,3
DA:6,3
DA:8,3
DA:10,3
LF:6
LH:6
BRF:0
BRH:0
end_of_record
TN:
SF:src\utils\connection.util.ts
FN:7,(anonymous_8)
FN:7,(anonymous_9)
FN:12,(anonymous_10)
FN:14,(anonymous_11)
FN:14,(anonymous_12)
FNF:5
FNH:3
FNDA:3,(anonymous_8)
FNDA:3,(anonymous_9)
FNDA:1,(anonymous_10)
FNDA:0,(anonymous_11)
FNDA:0,(anonymous_12)
DA:1,3
DA:7,3
DA:8,3
DA:9,3
DA:12,2
DA:14,2
DA:15,0
DA:16,0
LF:8
LH:6
BRF:0
BRH:0
end_of_record
TN:
SF:src\validation\post.validation.ts
FN:17,(anonymous_8)
FN:17,(anonymous_9)
FNF:2
FNH:2
FNDA:2,(anonymous_8)
FNDA:2,(anonymous_9)
DA:1,4
DA:3,4
DA:10,4
DA:12,4
DA:17,4
DA:18,2
DA:22,2
DA:24,0
LF:8
LH:7
BRDA:22,0,0,2
BRF:1
BRH:1
end_of_record
TN:
SF:src\validation\user.validation.ts
FN:11,(anonymous_8)
FN:11,(anonymous_9)
FNF:2
FNH:2
FNDA:2,(anonymous_8)
FNDA:2,(anonymous_9)
DA:1,4
DA:3,4
DA:9,4
DA:11,4
DA:12,2
DA:16,2
DA:18,1
LF:7
LH:7
BRDA:16,0,0,1
BRF:1
BRH:1
end_of_record
